{"/mnt/Castellan/code/esrgan/upscalerjs/src/upscale.ts": {"path":"/mnt/Castellan/code/esrgan/upscalerjs/src/upscale.ts","statementMap":{"0":{"start":{"line":1,"column":0},"end":{"line":1,"column":39}},"1":{"start":{"line":4,"column":13},"end":{"line":12,"column":2}},"2":{"start":{"line":8,"column":2},"end":{"line":11,"column":5}},"3":{"start":{"line":9,"column":17},"end":{"line":9,"column":53}},"4":{"start":{"line":10,"column":4},"end":{"line":10,"column":41}},"5":{"start":{"line":14,"column":18},"end":{"line":15,"column":6}},"6":{"start":{"line":15,"column":2},"end":{"line":20,"column":5}},"7":{"start":{"line":16,"column":16},"end":{"line":16,"column":27}},"8":{"start":{"line":17,"column":4},"end":{"line":17,"column":18}},"9":{"start":{"line":18,"column":4},"end":{"line":18,"column":36}},"10":{"start":{"line":18,"column":23},"end":{"line":18,"column":36}},"11":{"start":{"line":19,"column":4},"end":{"line":19,"column":25}},"12":{"start":{"line":22,"column":17},"end":{"line":24,"column":1}},"13":{"start":{"line":23,"column":2},"end":{"line":23,"column":36}},"14":{"start":{"line":26,"column":27},"end":{"line":33,"column":1}},"15":{"start":{"line":27,"column":2},"end":{"line":32,"column":null}},"16":{"start":{"line":28,"column":4},"end":{"line":28,"column":46}},"17":{"start":{"line":31,"column":4},"end":{"line":31,"column":17}},"18":{"start":{"line":35,"column":32},"end":{"line":37,"column":1}},"19":{"start":{"line":36,"column":2},"end":{"line":36,"column":35}},"20":{"start":{"line":39,"column":18},"end":{"line":65,"column":2}},"21":{"start":{"line":40,"column":47},"end":{"line":65,"column":2}},"22":{"start":{"line":42,"column":6},"end":{"line":42,"column":14}},"23":{"start":{"line":43,"column":16},"end":{"line":43,"column":null}},"24":{"start":{"line":43,"column":10},"end":{"line":43,"column":null}},"25":{"start":{"line":44,"column":4},"end":{"line":44,"column":52}},"26":{"start":{"line":47,"column":2},"end":{"line":49,"column":null}},"27":{"start":{"line":48,"column":4},"end":{"line":48,"column":55}},"28":{"start":{"line":51,"column":2},"end":{"line":53,"column":null}},"29":{"start":{"line":52,"column":4},"end":{"line":52,"column":18}},"30":{"start":{"line":55,"column":2},"end":{"line":57,"column":null}},"31":{"start":{"line":56,"column":4},"end":{"line":56,"column":32}},"32":{"start":{"line":59,"column":2},"end":{"line":64,"column":4}},"33":{"start":{"line":67,"column":16},"end":{"line":81,"column":2}},"34":{"start":{"line":70,"column":2},"end":{"line":70,"column":null}},"35":{"start":{"line":72,"column":17},"end":{"line":72,"column":null}},"36":{"start":{"line":72,"column":8},"end":{"line":72,"column":null}},"37":{"start":{"line":73,"column":8},"end":{"line":73,"column":63}},"38":{"start":{"line":74,"column":2},"end":{"line":74,"column":19}},"39":{"start":{"line":76,"column":2},"end":{"line":78,"column":null}},"40":{"start":{"line":77,"column":4},"end":{"line":77,"column":26}},"41":{"start":{"line":80,"column":2},"end":{"line":80,"column":40}},"42":{"start":{"line":83,"column":13},"end":{"line":101,"column":2}},"43":{"start":{"line":83,"column":56},"end":{"line":101,"column":2}},"44":{"start":{"line":84,"column":8},"end":{"line":84,"column":26}},"45":{"start":{"line":85,"column":8},"end":{"line":85,"column":59}},"46":{"start":{"line":86,"column":8},"end":{"line":86,"column":49}},"47":{"start":{"line":87,"column":15},"end":{"line":87,"column":null}},"48":{"start":{"line":87,"column":8},"end":{"line":87,"column":null}},"49":{"start":{"line":88,"column":6},"end":{"line":88,"column":12}},"50":{"start":{"line":89,"column":2},"end":{"line":98,"column":null}},"51":{"start":{"line":90,"column":4},"end":{"line":97,"column":null}},"52":{"start":{"line":91,"column":12},"end":{"line":91,"column":38}},"53":{"start":{"line":92,"column":6},"end":{"line":92,"column":28}},"54":{"start":{"line":93,"column":6},"end":{"line":93,"column":36}},"55":{"start":{"line":94,"column":6},"end":{"line":94,"column":36}},"56":{"start":{"line":95,"column":6},"end":{"line":95,"column":28}},"57":{"start":{"line":96,"column":6},"end":{"line":96,"column":13}},"58":{"start":{"line":99,"column":2},"end":{"line":99,"column":29}},"59":{"start":{"line":100,"column":2},"end":{"line":100,"column":19}},"60":{"start":{"line":103,"column":13},"end":{"line":112,"column":2}},"61":{"start":{"line":103,"column":56},"end":{"line":112,"column":2}},"62":{"start":{"line":104,"column":8},"end":{"line":104,"column":26}},"63":{"start":{"line":105,"column":20},"end":{"line":105,"column":null}},"64":{"start":{"line":105,"column":8},"end":{"line":105,"column":null}},"65":{"start":{"line":106,"column":8},"end":{"line":106,"column":50}},"66":{"start":{"line":107,"column":2},"end":{"line":107,"column":23}},"67":{"start":{"line":108,"column":2},"end":{"line":108,"column":25}},"68":{"start":{"line":109,"column":8},"end":{"line":109,"column":38}},"69":{"start":{"line":110,"column":2},"end":{"line":110,"column":36}},"70":{"start":{"line":111,"column":2},"end":{"line":111,"column":28}},"71":{"start":{"line":114,"column":0},"end":{"line":114,"column":23}}},"fnMap":{"0":{"name":"(anonymous_13)","decl":{"start":{"line":4,"column":23},"end":{"line":4,"column":null}},"loc":{"start":{"line":6,"column":21},"end":{"line":12,"column":1}}},"1":{"name":"(anonymous_14)","decl":{"start":{"line":8,"column":17},"end":{"line":8,"column":null}},"loc":{"start":{"line":8,"column":17},"end":{"line":11,"column":3}}},"2":{"name":"(anonymous_15)","decl":{"start":{"line":14,"column":18},"end":{"line":14,"column":19}},"loc":{"start":{"line":14,"column":30},"end":{"line":15,"column":6}}},"3":{"name":"(anonymous_16)","decl":{"start":{"line":15,"column":14},"end":{"line":15,"column":15}},"loc":{"start":{"line":15,"column":30},"end":{"line":20,"column":3}}},"4":{"name":"(anonymous_17)","decl":{"start":{"line":18,"column":17},"end":{"line":18,"column":23}},"loc":{"start":{"line":18,"column":17},"end":{"line":18,"column":30}}},"5":{"name":"(anonymous_18)","decl":{"start":{"line":22,"column":17},"end":{"line":22,"column":18}},"loc":{"start":{"line":22,"column":29},"end":{"line":24,"column":1}}},"6":{"name":"(anonymous_19)","decl":{"start":{"line":26,"column":27},"end":{"line":26,"column":28}},"loc":{"start":{"line":26,"column":39},"end":{"line":33,"column":1}}},"7":{"name":"(anonymous_20)","decl":{"start":{"line":35,"column":32},"end":{"line":35,"column":33}},"loc":{"start":{"line":35,"column":50},"end":{"line":37,"column":1}}},"8":{"name":"(anonymous_21)","decl":{"start":{"line":39,"column":18},"end":{"line":39,"column":null}},"loc":{"start":{"line":40,"column":47},"end":{"line":65,"column":2}}},"9":{"name":"(anonymous_22)","decl":{"start":{"line":40,"column":47},"end":{"line":40,"column":null}},"loc":{"start":{"line":40,"column":47},"end":{"line":65,"column":2}}},"10":{"name":"(anonymous_24)","decl":{"start":{"line":67,"column":16},"end":{"line":67,"column":null}},"loc":{"start":{"line":70,"column":31},"end":{"line":81,"column":2}}},"11":{"name":"(anonymous_27)","decl":{"start":{"line":83,"column":30},"end":{"line":83,"column":37}},"loc":{"start":{"line":83,"column":56},"end":{"line":101,"column":2}}},"12":{"name":"(anonymous_28)","decl":{"start":{"line":83,"column":56},"end":{"line":83,"column":null}},"loc":{"start":{"line":83,"column":56},"end":{"line":101,"column":2}}},"13":{"name":"(anonymous_30)","decl":{"start":{"line":103,"column":30},"end":{"line":103,"column":37}},"loc":{"start":{"line":103,"column":56},"end":{"line":112,"column":2}}},"14":{"name":"(anonymous_31)","decl":{"start":{"line":103,"column":56},"end":{"line":103,"column":null}},"loc":{"start":{"line":103,"column":56},"end":{"line":112,"column":2}}}},"branchMap":{"0":{"loc":{"start":{"line":42,"column":6},"end":{"line":42,"column":14}},"type":"if","locations":[{"start":{"line":42,"column":6},"end":{"line":42,"column":14}},{"start":{"line":42,"column":6},"end":{"line":42,"column":14}}]},"1":{"loc":{"start":{"line":47,"column":2},"end":{"line":49,"column":null}},"type":"if","locations":[{"start":{"line":47,"column":2},"end":{"line":49,"column":null}},{"start":{"line":47,"column":2},"end":{"line":49,"column":null}}]},"2":{"loc":{"start":{"line":51,"column":2},"end":{"line":53,"column":null}},"type":"if","locations":[{"start":{"line":51,"column":2},"end":{"line":53,"column":null}},{"start":{"line":51,"column":2},"end":{"line":53,"column":null}}]},"3":{"loc":{"start":{"line":55,"column":2},"end":{"line":57,"column":null}},"type":"if","locations":[{"start":{"line":55,"column":2},"end":{"line":57,"column":null}},{"start":{"line":55,"column":2},"end":{"line":57,"column":null}}]},"4":{"loc":{"start":{"line":70,"column":2},"end":{"line":70,"column":null}},"type":"if","locations":[{"start":{"line":70,"column":2},"end":{"line":70,"column":null}},{"start":{"line":70,"column":2},"end":{"line":70,"column":null}}]},"5":{"loc":{"start":{"line":72,"column":17},"end":{"line":72,"column":null}},"type":"switch","locations":[{"start":{"line":72,"column":17},"end":{"line":72,"column":null}}]},"6":{"loc":{"start":{"line":76,"column":2},"end":{"line":78,"column":null}},"type":"if","locations":[{"start":{"line":76,"column":2},"end":{"line":78,"column":null}},{"start":{"line":76,"column":2},"end":{"line":78,"column":null}}]}},"s":{"0":1,"1":1,"2":1,"3":1,"4":1,"5":1,"6":0,"7":0,"8":0,"9":0,"10":0,"11":0,"12":1,"13":0,"14":1,"15":0,"16":0,"17":0,"18":1,"19":0,"20":1,"21":0,"22":0,"23":0,"24":0,"25":0,"26":0,"27":0,"28":0,"29":0,"30":0,"31":0,"32":0,"33":1,"34":0,"35":0,"36":0,"37":0,"38":0,"39":0,"40":0,"41":0,"42":1,"43":0,"44":0,"45":0,"46":0,"47":0,"48":0,"49":0,"50":0,"51":0,"52":0,"53":0,"54":0,"55":0,"56":0,"57":0,"58":0,"59":0,"60":1,"61":0,"62":0,"63":0,"64":0,"65":0,"66":0,"67":0,"68":0,"69":0,"70":0,"71":1},"f":{"0":1,"1":1,"2":0,"3":0,"4":0,"5":0,"6":0,"7":0,"8":0,"9":0,"10":0,"11":0,"12":0,"13":0,"14":0},"b":{"0":[0,0],"1":[0,0],"2":[0,0],"3":[0,0],"4":[0,0],"5":[0],"6":[0,0]}}
}
